# JRE version: OpenJDK Runtime Environment Temurin-21.0.3+9 (21.0.3+9) (build 21.0.3+9-LTS)
# Java VM: OpenJDK 64-Bit Server VM Temurin-21.0.3+9 (21.0.3+9-LTS, mixed mode, tiered, compressed oops, compressed class ptrs, g1 gc, windows-amd64)
GC Precious Log:
 CardTable entry size: 512
 Card Set container configuration: InlinePtr #cards 5 size 8 Array Of Cards #cards 12 size 40 Howl #buckets 4 coarsen threshold 1843 Howl Bitmap #cards 512 size 80 coarsen threshold 460 Card regions per heap region 1 cards per card region 2048
 CPUs: 12 total, 12 available
 Memory: 16306M
 Large Page Support: Disabled
 NUMA Support: Disabled
 Compressed Oops: Enabled (32-bit)
 Heap Region Size: 1M
 Heap Min Capacity: 256M
 Heap Initial Capacity: 256M
 Heap Max Capacity: 1G
 Pre-touch: Disabled
 Parallel Workers: 10
 Concurrent Workers: 3
 Concurrent Refinement Workers: 10
 Periodic GC: Disabled
 String Deduplication is enabled
Heap:
 garbage-first heap   total 450560K, used 145424K [0x00000000c0000000, 0x0000000100000000)
  region size 1024K, 14 young (14336K), 10 survivors (10240K)
 Metaspace       used 176943K, committed 179904K, reserved 1245184K
  class space    used 20510K, committed 21824K, reserved 1048576K
GC Heap History (20 events):
Event: 90.920 GC heap before
{Heap before GC invocations=64 (full 0):
 garbage-first heap   total 775168K, used 774144K [0x00000000c0000000, 0x0000000100000000)
  region size 1024K, 80 young (81920K), 17 survivors (17408K)
 Metaspace       used 171537K, committed 174592K, reserved 1245184K
  class space    used 20088K, committed 21376K, reserved 1048576K
}
Event: 90.927 GC heap after
{Heap after GC invocations=65 (full 0):
 garbage-first heap   total 796672K, used 444654K [0x00000000c0000000, 0x0000000100000000)
  region size 1024K, 4 young (4096K), 4 survivors (4096K)
 Metaspace       used 171537K, committed 174592K, reserved 1245184K
  class space    used 20088K, committed 21376K, reserved 1048576K
}
Event: 93.941 GC heap before
{Heap before GC invocations=65 (full 0):
 garbage-first heap   total 798720K, used 796910K [0x00000000c0000000, 0x0000000100000000)
  region size 1024K, 62 young (63488K), 4 survivors (4096K)
 Metaspace       used 171587K, committed 174656K, reserved 1245184K
  class space    used 20088K, committed 21376K, reserved 1048576K
}
Event: 93.944 GC heap after
{Heap after GC invocations=66 (full 0):
 garbage-first heap   total 805888K, used 437516K [0x00000000c0000000, 0x0000000100000000)
  region size 1024K, 2 young (2048K), 2 survivors (2048K)
 Metaspace       used 171587K, committed 174656K, reserved 1245184K
  class space    used 20088K, committed 21376K, reserved 1048576K
}
Event: 94.035 GC heap before
{Heap before GC invocations=66 (full 0):
 garbage-first heap   total 805888K, used 437516K [0x00000000c0000000, 0x0000000100000000)
  region size 1024K, 3 young (3072K), 2 survivors (2048K)
 Metaspace       used 171587K, committed 174656K, reserved 1245184K
  class space    used 20088K, committed 21376K, reserved 1048576K
}
Event: 94.037 GC heap after
{Heap after GC invocations=67 (full 0):
 garbage-first heap   total 805888K, used 436999K [0x00000000c0000000, 0x0000000100000000)
  region size 1024K, 2 young (2048K), 2 survivors (2048K)
 Metaspace       used 171587K, committed 174656K, reserved 1245184K
  class space    used 20088K, committed 21376K, reserved 1048576K
}
Event: 101.250 GC heap before
{Heap before GC invocations=68 (full 0):
 garbage-first heap   total 805888K, used 803591K [0x00000000c0000000, 0x0000000100000000)
  region size 1024K, 287 young (293888K), 2 survivors (2048K)
 Metaspace       used 172287K, committed 175424K, reserved 1245184K
  class space    used 20177K, committed 21504K, reserved 1048576K
}
Event: 101.273 GC heap after
{Heap after GC invocations=69 (full 0):
 garbage-first heap   total 844800K, used 474500K [0x00000000c0000000, 0x0000000100000000)
  region size 1024K, 38 young (38912K), 38 survivors (38912K)
 Metaspace       used 172287K, committed 175424K, reserved 1245184K
  class space    used 20177K, committed 21504K, reserved 1048576K
}
Event: 3694.338 GC heap before
{Heap before GC invocations=69 (full 0):
 garbage-first heap   total 844800K, used 738692K [0x00000000c0000000, 0x0000000100000000)
  region size 1024K, 298 young (305152K), 38 survivors (38912K)
 Metaspace       used 175729K, committed 178752K, reserved 1245184K
  class space    used 20540K, committed 21824K, reserved 1048576K
}
Event: 3694.524 GC heap after
{Heap after GC invocations=70 (full 1):
 garbage-first heap   total 844800K, used 486957K [0x00000000c0000000, 0x0000000100000000)
  region size 1024K, 0 young (0K), 0 survivors (0K)
 Metaspace       used 175729K, committed 178752K, reserved 1245184K
  class space    used 20540K, committed 21824K, reserved 1048576K
}
Event: 7294.539 GC heap before
{Heap before GC invocations=70 (full 1):
 garbage-first heap   total 844800K, used 499245K [0x00000000c0000000, 0x0000000100000000)
  region size 1024K, 13 young (13312K), 0 survivors (0K)
 Metaspace       used 175769K, committed 178816K, reserved 1245184K
  class space    used 20540K, committed 21824K, reserved 1048576K
}
Event: 7294.627 GC heap after
{Heap after GC invocations=71 (full 2):
 garbage-first heap   total 457728K, used 131022K [0x00000000c0000000, 0x0000000100000000)
  region size 1024K, 0 young (0K), 0 survivors (0K)
 Metaspace       used 175164K, committed 178816K, reserved 1245184K
  class space    used 20380K, committed 21824K, reserved 1048576K
}
Event: 10894.642 GC heap before
{Heap before GC invocations=71 (full 2):
 garbage-first heap   total 457728K, used 364494K [0x00000000c0000000, 0x0000000100000000)
  region size 1024K, 229 young (234496K), 0 survivors (0K)
 Metaspace       used 176973K, committed 179840K, reserved 1245184K
  class space    used 20541K, committed 21824K, reserved 1048576K
}
Event: 10894.705 GC heap after
{Heap after GC invocations=72 (full 3):
 garbage-first heap   total 457728K, used 133156K [0x00000000c0000000, 0x0000000100000000)
  region size 1024K, 0 young (0K), 0 survivors (0K)
 Metaspace       used 176973K, committed 179840K, reserved 1245184K
  class space    used 20541K, committed 21824K, reserved 1048576K
}
Event: 14494.715 GC heap before
{Heap before GC invocations=72 (full 3):
 garbage-first heap   total 457728K, used 154660K [0x00000000c0000000, 0x0000000100000000)
  region size 1024K, 22 young (22528K), 0 survivors (0K)
 Metaspace       used 177053K, committed 179904K, reserved 1245184K
  class space    used 20541K, committed 21824K, reserved 1048576K
}
Event: 14494.783 GC heap after
{Heap after GC invocations=73 (full 4):
 garbage-first heap   total 450560K, used 131481K [0x00000000c0000000, 0x0000000100000000)
  region size 1024K, 0 young (0K), 0 survivors (0K)
 Metaspace       used 176929K, committed 179904K, reserved 1245184K
  class space    used 20509K, committed 21824K, reserved 1048576K
}
Event: 18094.788 GC heap before
{Heap before GC invocations=73 (full 4):
 garbage-first heap   total 450560K, used 142745K [0x00000000c0000000, 0x0000000100000000)
  region size 1024K, 12 young (12288K), 0 survivors (0K)
 Metaspace       used 176939K, committed 179904K, reserved 1245184K
  class space    used 20509K, committed 21824K, reserved 1048576K
}
Event: 18094.846 GC heap after
{Heap after GC invocations=74 (full 5):
 garbage-first heap   total 450560K, used 131088K [0x00000000c0000000, 0x0000000100000000)
  region size 1024K, 0 young (0K), 0 survivors (0K)
 Metaspace       used 176938K, committed 179904K, reserved 1245184K
  class space    used 20508K, committed 21824K, reserved 1048576K
}
Event: 35187.427 GC heap before
{Heap before GC invocations=74 (full 5):
 garbage-first heap   total 450560K, used 170000K [0x00000000c0000000, 0x0000000100000000)
  region size 1024K, 39 young (39936K), 0 survivors (0K)
 Metaspace       used 176940K, committed 179904K, reserved 1245184K
  class space    used 20510K, committed 21824K, reserved 1048576K
}
Event: 35187.446 GC heap after
{Heap after GC invocations=75 (full 5):
 garbage-first heap   total 450560K, used 141328K [0x00000000c0000000, 0x0000000100000000)
  region size 1024K, 10 young (10240K), 10 survivors (10240K)
 Metaspace       used 176940K, committed 179904K, reserved 1245184K
  class space    used 20510K, committed 21824K, reserved 1048576K
}

